Start testing: Jun 12 00:57 AEST
----------------------------------------------------------
Unable to find executable: /mnt/c/Users/yeefh/documents/mcpp/build/test/local_tests
1/2 Testing: local
1/2 Test: local
Command: ""
Directory: /mnt/c/Users/yeefh/documents/mcpp/build
"local" start time: 
Output:
----------------------------------------------------------
<end of output>
Test time =   0.00 sec
----------------------------------------------------------
Test Passed.
"local" end time: Jun 12 00:57 AEST
"local" time elapsed: 00:00:00
----------------------------------------------------------

2/2 Testing: full
2/2 Test: full
Command: "/mnt/c/Users/yeefh/documents/mcpp/build/test/test_suite"
Directory: /mnt/c/Users/yeefh/documents/mcpp/build
"full" start time: Jun 12 00:57 AEST
Output:
----------------------------------------------------------
[doctest] doctest version is "2.4.9"
[doctest] run with "--help" for options
===============================================================================
[doctest] test cases:  5 |  5 passed | 0 failed | 0 skipped
[doctest] assertions: 37 | 37 passed | 0 failed |
[doctest] Status: SUCCESS!
<end of output>
Test time =   0.75 sec
----------------------------------------------------------
Test Passed.
"full" end time: Jun 12 00:57 AEST
"full" time elapsed: 00:00:00
----------------------------------------------------------

End testing: Jun 12 00:57 AEST
